<?xml version="1.0" encoding="utf-8"?><testsuites><testsuite name="pytest" errors="0" failures="0" skipped="0" tests="1" time="0.043" timestamp="2020-12-22T15:08:01.475347" hostname="dlg-air"><testcase classname="tests.test_cwd" name="test_cwd__should_return_current_working_directory" time="0.001" /></testsuite></testsuites>